<?xml version="1.0" encoding="UTF-8"?>
<testsuite name="kr.ac.jejnu.user.UserDaoTests" tests="2" skipped="0" failures="0" errors="0" timestamp="2023-04-18T07:46:18" hostname="heojaehyeog-ui-MacBookPro.local" time="0.317">
  <properties/>
  <testcase name="insert()" classname="kr.ac.jejnu.user.UserDaoTests" time="0.3"/>
  <testcase name="get()" classname="kr.ac.jejnu.user.UserDaoTests" time="0.016"/>
  <system-out><![CDATA[]]></system-out>
  <system-err><![CDATA[]]></system-err>
</testsuite>
