<?xml version="1.0" encoding="UTF-8"?>
<testsuite name="kr.ac.jejnu.user.UserDaoTests" tests="4" skipped="0" failures="0" errors="0" timestamp="2023-04-17T12:45:35" hostname="heojaehyeog-ui-MacBookPro.local" time="0.266">
  <properties/>
  <testcase name="insert()" classname="kr.ac.jejnu.user.UserDaoTests" time="0.205"/>
  <testcase name="insertHalla()" classname="kr.ac.jejnu.user.UserDaoTests" time="0.042"/>
  <testcase name="get()" classname="kr.ac.jejnu.user.UserDaoTests" time="0.009"/>
  <testcase name="getHalla()" classname="kr.ac.jejnu.user.UserDaoTests" time="0.009"/>
  <system-out><![CDATA[]]></system-out>
  <system-err><![CDATA[]]></system-err>
</testsuite>
