<?xml version="1.0" encoding="UTF-8"?>
<testsuite name="kr.ac.jejnu.user.UserDaoTests" tests="4" skipped="0" failures="0" errors="0" timestamp="2023-04-19T07:31:10" hostname="heojaehyeog-ui-MacBookPro.local" time="0.451">
  <properties/>
  <testcase name="delete()" classname="kr.ac.jejnu.user.UserDaoTests" time="0.349"/>
  <testcase name="insert()" classname="kr.ac.jejnu.user.UserDaoTests" time="0.039"/>
  <testcase name="update()" classname="kr.ac.jejnu.user.UserDaoTests" time="0.045"/>
  <testcase name="get()" classname="kr.ac.jejnu.user.UserDaoTests" time="0.015"/>
  <system-out><![CDATA[]]></system-out>
  <system-err><![CDATA[]]></system-err>
</testsuite>
