<?xml version="1.0" encoding="UTF-8"?>
<testsuite name="kr.ac.jejnu.user.UserDaoTests" tests="2" skipped="0" failures="0" errors="0" timestamp="2023-04-17T13:30:25" hostname="heojaehyeog-ui-MacBookPro.local" time="0.246">
  <properties/>
  <testcase name="insert()" classname="kr.ac.jejnu.user.UserDaoTests" time="0.217"/>
  <testcase name="get()" classname="kr.ac.jejnu.user.UserDaoTests" time="0.028"/>
  <system-out><![CDATA[]]></system-out>
  <system-err><![CDATA[]]></system-err>
</testsuite>
